<?xml version="1.0" encoding="UTF-8"?>
<testng-results ignored="0" total="1" passed="1" failed="0" skipped="0">
  <reporter-output>
  </reporter-output>
  <suite started-at="2024-12-07T20:46:39 IST" name="Default suite" finished-at="2024-12-07T20:46:51 IST" duration-ms="12214">
    <groups>
    </groups>
    <test started-at="2024-12-07T20:46:39 IST" name="Default test" finished-at="2024-12-07T20:46:51 IST" duration-ms="12214">
      <class name="org.myproject.test.TC01Login">
        <test-method is-config="true" signature="startBrowser()[pri:0, instance:org.myproject.test.TC01Login@428640fa]" started-at="2024-12-07T20:46:39 IST" name="startBrowser" finished-at="2024-12-07T20:46:46 IST" duration-ms="6875" status="PASS">
          <reporter-output>
          </reporter-output>
        </test-method> <!-- startBrowser -->
        <test-method signature="loginTest()[pri:0, instance:org.myproject.test.TC01Login@428640fa]" started-at="2024-12-07T20:46:46 IST" name="loginTest" finished-at="2024-12-07T20:46:51 IST" duration-ms="5032" status="PASS">
          <reporter-output>
          </reporter-output>
        </test-method> <!-- loginTest -->
        <test-method is-config="true" signature="closeBrower()[pri:0, instance:org.myproject.test.TC01Login@428640fa]" started-at="2024-12-07T20:46:51 IST" name="closeBrower" finished-at="2024-12-07T20:46:51 IST" duration-ms="265" status="PASS">
          <reporter-output>
          </reporter-output>
        </test-method> <!-- closeBrower -->
      </class> <!-- org.myproject.test.TC01Login -->
    </test> <!-- Default test -->
  </suite> <!-- Default suite -->
</testng-results>
